Exporter version: 6.3.1, Blender version: 2.81 (sub 16)
========= Conversion from Blender to Babylon.js =========
	Scene settings used :
		Inline textures     :  false
		Material Type       :  PBR
		Positions Precision :  4
		Normals Precision   :  3
		UVs Precision       :  3
		Vert Color Precision:  3
		Mat Weight Precision:  2
		Keep Z-up r-handed  :  no
		Texture directory   :  C:\Users\tosta\projects\software_development\js_zero\src\assets\models\
	Python World class constructor completed
	processing begun of camera (UniversalCamera):  Camera
	processing begun of mesh:  Suzanne
		WARNING: No materials have been assigned: 
		num positions      :  2892
		num normals        :  2892
		num tangents       :  0
		num uvs            :  5784
		num uvs2           :  0
		num colors         :  0
		num indices        :  2904
	processing begun of light (POINT):  Light
========= Writing of JSON file started =========
	writing mesh:  Suzanne
========= Writing of JSON file completed =========
========= end of processing =========
elapsed time:  0 min, 0.1048 secs
